<?xml version="1.0" encoding="UTF-8"?>
<!-- Generated by org.testng.reporters.JUnitXMLReporter -->
<testsuite ignored="0" hostname="Vivek" failures="0" tests="3" name="Default test" time="64.212" errors="0" timestamp="2025-08-26T14:41:21 IST">
  <testcase classname="com.wipro.javaselenium.TC012_ExcelReport" name="f" time="8.799"/>
  <testcase classname="com.wipro.javaselenium.TC012_ExcelReport" name="f" time="8.346"/>
  <testcase classname="com.wipro.javaselenium.TC012_ExcelReport" name="f" time="8.33"/>
</testsuite> <!-- Default test -->
