<?xml version="1.0" encoding="UTF-8"?>
<!-- Generated by org.testng.reporters.JUnitXMLReporter -->
<testsuite ignored="9" hostname="Vivek" failures="0" tests="3" name="Default test" time="49.72" errors="0" timestamp="2025-08-30T09:50:57 IST">
  <testcase classname="com.orangehrm.test.LoginOrangeHRM" name="verifylogin" time="11.646"/>
  <testcase classname="com.orangehrm.test.LoginOrangeHRM" name="verifylogin" time="12.19"/>
  <testcase classname="com.orangehrm.test.LoginOrangeHRM" name="verifylogin" time="19.261"/>
  <testcase classname="com.orangehrm.test.LoginOrangeHRM" name="Question4" time="0.0">
    <ignored/>
  </testcase> <!-- Question4 -->
  <testcase classname="com.orangehrm.test.LoginOrangeHRM" name="question1_google" time="0.0">
    <ignored/>
  </testcase> <!-- question1_google -->
  <testcase classname="com.orangehrm.test.LoginOrangeHRM" name="Question7" time="0.0">
    <ignored/>
  </testcase> <!-- Question7 -->
  <testcase classname="com.orangehrm.test.LoginOrangeHRM" name="Question6" time="0.0">
    <ignored/>
  </testcase> <!-- Question6 -->
  <testcase classname="com.orangehrm.test.LoginOrangeHRM" name="Question9" time="0.0">
    <ignored/>
  </testcase> <!-- Question9 -->
  <testcase classname="com.orangehrm.test.LoginOrangeHRM" name="Question8" time="0.0">
    <ignored/>
  </testcase> <!-- Question8 -->
  <testcase classname="com.orangehrm.test.LoginOrangeHRM" name="Question3" time="0.0">
    <ignored/>
  </testcase> <!-- Question3 -->
  <testcase classname="com.orangehrm.test.LoginOrangeHRM" name="Question2" time="0.0">
    <ignored/>
  </testcase> <!-- Question2 -->
  <testcase classname="com.orangehrm.test.LoginOrangeHRM" name="Question5" time="0.0">
    <ignored/>
  </testcase> <!-- Question5 -->
</testsuite> <!-- Default test -->
