<?xml version="1.0" encoding="UTF-8"?>
<!-- Generated by org.testng.reporters.JUnitXMLReporter -->
<testsuite ignored="0" hostname="Vivek" failures="0" tests="4" name="Chrometest" time="38.795" errors="0" timestamp="2025-08-19T15:24:57 IST">
  <testcase classname="com.wipro.javaselenium.Lab9_3" name="f" time="3.355"/>
  <testcase classname="com.wipro.javaselenium.Lab9_3" name="f" time="3.367"/>
  <testcase classname="com.wipro.javaselenium.Lab9_4" name="f" time="5.037"/>
  <testcase classname="com.wipro.javaselenium.Lab9_4" name="f" time="6.451"/>
</testsuite> <!-- Chrometest -->
