<?xml version="1.0" encoding="UTF-8"?>
<!-- Generated by org.testng.reporters.JUnitXMLReporter -->
<testsuite ignored="0" hostname="Vivek" failures="0" tests="4" name="edgedrivertest " time="40.02" errors="0" timestamp="2025-08-19T15:24:59 IST">
  <testcase classname="com.wipro.javaselenium.Lab9_3" name="f" time="3.398"/>
  <testcase classname="com.wipro.javaselenium.Lab9_3" name="f" time="3.336"/>
  <testcase classname="com.wipro.javaselenium.Lab9_4" name="f" time="6.118"/>
  <testcase classname="com.wipro.javaselenium.Lab9_4" name="f" time="5.016"/>
</testsuite> <!-- edgedrivertest  -->
