<?xml version="1.0" encoding="UTF-8"?>
<!-- Generated by org.testng.reporters.JUnitXMLReporter -->
<testsuite ignored="0" hostname="Vivek" failures="0" tests="4" name="Internet Explorer " time="0.182" errors="0" timestamp="2025-08-19T15:15:19 IST">
  <testcase classname="com.wipro.javaselenium.Lab9_3" name="f" time="0.0">
    <skipped/>
  </testcase> <!-- f -->
  <testcase classname="com.wipro.javaselenium.Lab9_3" name="f" time="0.0">
    <skipped/>
  </testcase> <!-- f -->
  <testcase classname="com.wipro.javaselenium.Lab9_4" name="f" time="0.001">
    <skipped/>
  </testcase> <!-- f -->
  <testcase classname="com.wipro.javaselenium.Lab9_4" name="f" time="0.0">
    <skipped/>
  </testcase> <!-- f -->
</testsuite> <!-- Internet Explorer  -->
