<?xml version="1.0" encoding="UTF-8"?>
<!-- Generated by org.testng.reporters.JUnitXMLReporter -->
<testsuite ignored="0" hostname="Vivek" failures="3" tests="3" name="Test" time="18.706" errors="0" timestamp="2025-08-23T18:10:51 IST">
  <testcase classname="com.orangehrm.test.LoginOrangeHRM" name="verifylogin" time="0.028">
    <failure type="java.lang.NullPointerException" message="Cannot invoke &amp;quot;org.openqa.selenium.WebDriver.findElement(org.openqa.selenium.By)&amp;quot; because &amp;quot;this.driver&amp;quot; is null">
      <![CDATA[java.lang.NullPointerException: Cannot invoke "org.openqa.selenium.WebDriver.findElement(org.openqa.selenium.By)" because "this.driver" is null
at com.orangehrm.pages.Loginpage.enterusernam(Loginpage.java:33)
at com.orangehrm.test.LoginOrangeHRM.verifylogin(LoginOrangeHRM.java:27)
at java.base/java.util.ArrayList.forEach(ArrayList.java:1597)
... Removed 25 stack frames]]>
    </failure>
  </testcase> <!-- verifylogin -->
  <testcase classname="com.orangehrm.test.LoginOrangeHRM" name="verifylogin" time="0.003">
    <failure type="java.lang.NullPointerException" message="Cannot invoke &amp;quot;org.openqa.selenium.WebDriver.findElement(org.openqa.selenium.By)&amp;quot; because &amp;quot;this.driver&amp;quot; is null">
      <![CDATA[java.lang.NullPointerException: Cannot invoke "org.openqa.selenium.WebDriver.findElement(org.openqa.selenium.By)" because "this.driver" is null
at com.orangehrm.pages.Loginpage.enterusernam(Loginpage.java:33)
at com.orangehrm.test.LoginOrangeHRM.verifylogin(LoginOrangeHRM.java:27)
at java.base/java.util.ArrayList.forEach(ArrayList.java:1597)
... Removed 25 stack frames]]>
    </failure>
  </testcase> <!-- verifylogin -->
  <testcase classname="com.orangehrm.test.LoginOrangeHRM" name="verifylogin" time="0.003">
    <failure type="java.lang.NullPointerException" message="Cannot invoke &amp;quot;org.openqa.selenium.WebDriver.findElement(org.openqa.selenium.By)&amp;quot; because &amp;quot;this.driver&amp;quot; is null">
      <![CDATA[java.lang.NullPointerException: Cannot invoke "org.openqa.selenium.WebDriver.findElement(org.openqa.selenium.By)" because "this.driver" is null
at com.orangehrm.pages.Loginpage.enterusernam(Loginpage.java:33)
at com.orangehrm.test.LoginOrangeHRM.verifylogin(LoginOrangeHRM.java:27)
at java.base/java.util.ArrayList.forEach(ArrayList.java:1597)
... Removed 25 stack frames]]>
    </failure>
  </testcase> <!-- verifylogin -->
</testsuite> <!-- Test -->
