<?xml version="1.0" encoding="UTF-8"?>
<testng-results ignored="9" total="12" passed="3" failed="0" skipped="0">
  <reporter-output>
  </reporter-output>
  <suite started-at="2025-08-30T09:50:08 IST" name="Default suite" finished-at="2025-08-30T09:50:57 IST" duration-ms="49720">
    <groups>
    </groups>
    <test started-at="2025-08-30T09:50:08 IST" name="Default test" finished-at="2025-08-30T09:50:57 IST" duration-ms="49720">
      <class name="com.orangehrm.test.LoginOrangeHRM">
        <test-method is-config="true" signature="setupreport()[pri:0, instance:com.orangehrm.test.LoginOrangeHRM@c86b9e3]" started-at="2025-08-30T09:50:07 IST" name="setupreport" finished-at="2025-08-30T09:50:08 IST" duration-ms="235" status="PASS">
          <reporter-output>
          </reporter-output>
        </test-method> <!-- setupreport -->
        <test-method is-config="true" signature="setup()[pri:0, instance:com.orangehrm.test.LoginOrangeHRM@c86b9e3]" started-at="2025-08-30T09:50:08 IST" name="setup" finished-at="2025-08-30T09:50:13 IST" duration-ms="4287" status="PASS">
          <reporter-output>
          </reporter-output>
        </test-method> <!-- setup -->
        <test-method signature="verifylogin(java.lang.String,java.lang.String)[pri:0, instance:com.orangehrm.test.LoginOrangeHRM@c86b9e3]" started-at="2025-08-30T09:50:13 IST" name="verifylogin" data-provider="loginData1" finished-at="2025-08-30T09:50:24 IST" duration-ms="11646" status="PASS">
          <params>
            <param index="0">
              <value>
                <![CDATA[Admin]]>
              </value>
            </param>
            <param index="1">
              <value>
                <![CDATA[admin123]]>
              </value>
            </param>
          </params>
          <reporter-output>
          </reporter-output>
        </test-method> <!-- verifylogin -->
        <test-method is-config="true" signature="teardown()[pri:0, instance:com.orangehrm.test.LoginOrangeHRM@c86b9e3]" started-at="2025-08-30T09:50:24 IST" name="teardown" finished-at="2025-08-30T09:50:24 IST" duration-ms="192" status="PASS">
          <reporter-output>
          </reporter-output>
        </test-method> <!-- teardown -->
        <test-method is-config="true" signature="setup()[pri:0, instance:com.orangehrm.test.LoginOrangeHRM@c86b9e3]" started-at="2025-08-30T09:50:24 IST" name="setup" finished-at="2025-08-30T09:50:25 IST" duration-ms="586" status="PASS">
          <reporter-output>
          </reporter-output>
        </test-method> <!-- setup -->
        <test-method signature="verifylogin(java.lang.String,java.lang.String)[pri:0, instance:com.orangehrm.test.LoginOrangeHRM@c86b9e3]" started-at="2025-08-30T09:50:25 IST" name="verifylogin" data-provider="loginData1" finished-at="2025-08-30T09:50:37 IST" duration-ms="12190" status="PASS">
          <params>
            <param index="0">
              <value>
                <![CDATA[hema]]>
              </value>
            </param>
            <param index="1">
              <value>
                <![CDATA[welcome]]>
              </value>
            </param>
          </params>
          <reporter-output>
          </reporter-output>
        </test-method> <!-- verifylogin -->
        <test-method is-config="true" signature="teardown()[pri:0, instance:com.orangehrm.test.LoginOrangeHRM@c86b9e3]" started-at="2025-08-30T09:50:37 IST" name="teardown" finished-at="2025-08-30T09:50:37 IST" duration-ms="156" status="PASS">
          <reporter-output>
          </reporter-output>
        </test-method> <!-- teardown -->
        <test-method is-config="true" signature="setup()[pri:0, instance:com.orangehrm.test.LoginOrangeHRM@c86b9e3]" started-at="2025-08-30T09:50:37 IST" name="setup" finished-at="2025-08-30T09:50:38 IST" duration-ms="593" status="PASS">
          <reporter-output>
          </reporter-output>
        </test-method> <!-- setup -->
        <test-method signature="verifylogin(java.lang.String,java.lang.String)[pri:0, instance:com.orangehrm.test.LoginOrangeHRM@c86b9e3]" started-at="2025-08-30T09:50:38 IST" name="verifylogin" data-provider="loginData1" finished-at="2025-08-30T09:50:57 IST" duration-ms="19261" status="PASS">
          <params>
            <param index="0">
              <value>
                <![CDATA[geeta]]>
              </value>
            </param>
            <param index="1">
              <value>
                <![CDATA[apple]]>
              </value>
            </param>
          </params>
          <reporter-output>
          </reporter-output>
        </test-method> <!-- verifylogin -->
        <test-method is-config="true" signature="teardown()[pri:0, instance:com.orangehrm.test.LoginOrangeHRM@c86b9e3]" started-at="2025-08-30T09:50:57 IST" name="teardown" finished-at="2025-08-30T09:50:57 IST" duration-ms="139" status="PASS">
          <reporter-output>
          </reporter-output>
        </test-method> <!-- teardown -->
        <test-method is-config="true" signature="flushreport()[pri:0, instance:com.orangehrm.test.LoginOrangeHRM@c86b9e3]" started-at="2025-08-30T09:50:57 IST" name="flushreport" finished-at="2025-08-30T09:50:58 IST" duration-ms="272" status="PASS">
          <reporter-output>
          </reporter-output>
        </test-method> <!-- flushreport -->
      </class> <!-- com.orangehrm.test.LoginOrangeHRM -->
    </test> <!-- Default test -->
  </suite> <!-- Default suite -->
</testng-results>
