<?xml version="1.0" encoding="UTF-8"?>
<testng-results ignored="0" total="1" passed="1" failed="0" skipped="0">
  <reporter-output>
  </reporter-output>
  <suite started-at="2025-08-27T19:08:32 IST" name="Suite" finished-at="2025-08-27T19:08:38 IST" duration-ms="5985">
    <groups>
    </groups>
    <test started-at="2025-08-27T19:08:32 IST" name="Test" finished-at="2025-08-27T19:08:38 IST" duration-ms="5985">
      <class name="com.wipro.Questions.Question5">
        <test-method signature="f()[pri:0, instance:com.wipro.Questions.Question5@477b4cdf]" started-at="2025-08-27T19:08:32 IST" name="f" finished-at="2025-08-27T19:08:38 IST" duration-ms="5942" status="PASS">
          <reporter-output>
          </reporter-output>
        </test-method> <!-- f -->
      </class> <!-- com.wipro.Questions.Question5 -->
    </test> <!-- Test -->
  </suite> <!-- Suite -->
</testng-results>
