<?xml version="1.0" encoding="UTF-8"?>
<!-- Generated by org.testng.reporters.JUnitReportReporter -->
<testsuite hostname="Vivek" failures="0" tests="3" name="com.wipro.javaselenium.TC014_TestNG" time="39.187" errors="0" timestamp="2025-08-19T10:08:15 IST" skipped="0">
  <testcase classname="com.wipro.javaselenium.TC014_TestNG" name="test2" time="13.081"/>
  <testcase classname="com.wipro.javaselenium.TC014_TestNG" name="test2" time="19.233"/>
  <testcase classname="com.wipro.javaselenium.TC014_TestNG" name="test2" time="6.873"/>
</testsuite> <!-- com.wipro.javaselenium.TC014_TestNG -->
