<?xml version="1.0" encoding="UTF-8"?>
<!-- Generated by org.testng.reporters.JUnitReportReporter -->
<testsuite hostname="Vivek" failures="0" tests="9" name="com.wipro.javaselenium.TC015_TestNG_CSVFile" time="100.648" errors="0" timestamp="2025-08-22T10:11:19 IST" skipped="0">
  <testcase classname="com.wipro.javaselenium.TC015_TestNG_CSVFile" name="f" time="11.149"/>
  <testcase classname="com.wipro.javaselenium.TC015_TestNG_CSVFile" name="f" time="10.483"/>
  <testcase classname="com.wipro.javaselenium.TC015_TestNG_CSVFile" name="f" time="12.638"/>
  <testcase classname="com.wipro.javaselenium.TC015_TestNG_CSVFile" name="f" time="9.560"/>
  <testcase classname="com.wipro.javaselenium.TC015_TestNG_CSVFile" name="f" time="9.197"/>
  <testcase classname="com.wipro.javaselenium.TC015_TestNG_CSVFile" name="f" time="10.917"/>
  <testcase classname="com.wipro.javaselenium.TC015_TestNG_CSVFile" name="f" time="13.810"/>
  <testcase classname="com.wipro.javaselenium.TC015_TestNG_CSVFile" name="f" time="9.901"/>
  <testcase classname="com.wipro.javaselenium.TC015_TestNG_CSVFile" name="f" time="12.993"/>
</testsuite> <!-- com.wipro.javaselenium.TC015_TestNG_CSVFile -->
