<?xml version="1.0" encoding="UTF-8"?>
<!-- Generated by org.testng.reporters.JUnitReportReporter -->
<testsuite hostname="Vivek" failures="0" tests="2" name="com.wipro.javaselenium.Lab16_TestNG_XML" time="30.511" errors="0" timestamp="2025-08-22T16:01:26 IST" skipped="0">
  <testcase classname="com.wipro.javaselenium.Lab16_TestNG_XML" name="f" time="14.919"/>
  <testcase classname="com.wipro.javaselenium.Lab16_TestNG_XML" name="f" time="15.592"/>
</testsuite> <!-- com.wipro.javaselenium.Lab16_TestNG_XML -->
