<?xml version="1.0" encoding="UTF-8"?>
<!-- Generated by org.testng.reporters.JUnitReportReporter -->
<testsuite hostname="Vivek" failures="0" tests="3" name="com.wipro.javaselenium.TC012_dataxlsx" time="25.423" errors="0" timestamp="2025-08-20T14:53:25 IST" skipped="0">
  <testcase classname="com.wipro.javaselenium.TC012_dataxlsx" name="f" time="9.652"/>
  <testcase classname="com.wipro.javaselenium.TC012_dataxlsx" name="f" time="7.902"/>
  <testcase classname="com.wipro.javaselenium.TC012_dataxlsx" name="f" time="7.869"/>
</testsuite> <!-- com.wipro.javaselenium.TC012_dataxlsx -->
