<?xml version="1.0" encoding="UTF-8"?>
<!-- Generated by org.testng.reporters.JUnitReportReporter -->
<testsuite hostname="Vivek" failures="0" tests="3" name="com.wipro.javaselenium.TC012_ExcelReport" time="63.565" errors="0" timestamp="2025-08-26T14:41:21 IST" skipped="0">
  <testcase classname="com.wipro.javaselenium.TC012_ExcelReport" name="f" time="22.176"/>
  <testcase classname="com.wipro.javaselenium.TC012_ExcelReport" name="f" time="23.797"/>
  <testcase classname="com.wipro.javaselenium.TC012_ExcelReport" name="f" time="17.592"/>
</testsuite> <!-- com.wipro.javaselenium.TC012_ExcelReport -->
