<?xml version="1.0" encoding="UTF-8"?>
<!-- Generated by org.testng.reporters.JUnitReportReporter -->
<testsuite hostname="Vivek" failures="0" tests="6" name="com.wipro.javaselenium.Labb14_TestNG" time="95.795" errors="0" timestamp="2025-08-21T15:10:49 IST" skipped="0">
  <testcase classname="com.wipro.javaselenium.Labb14_TestNG" name="f" time="14.463"/>
  <testcase classname="com.wipro.javaselenium.Labb14_TestNG" name="f" time="20.799"/>
  <testcase classname="com.wipro.javaselenium.Labb14_TestNG" name="f" time="15.898"/>
  <testcase classname="com.wipro.javaselenium.Labb14_TestNG" name="f" time="13.373"/>
  <testcase classname="com.wipro.javaselenium.Labb14_TestNG" name="f" time="13.036"/>
  <testcase classname="com.wipro.javaselenium.Labb14_TestNG" name="f" time="18.226"/>
</testsuite> <!-- com.wipro.javaselenium.Labb14_TestNG -->
