<?xml version="1.0" encoding="UTF-8"?>
<!-- Generated by org.testng.reporters.JUnitReportReporter -->
<testsuite hostname="Vivek" failures="0" tests="6" name="com.wipro.javaselenium.Lab15_TestNG_CSVfile" time="100.792" errors="0" timestamp="2025-08-22T10:19:08 IST" skipped="0">
  <testcase classname="com.wipro.javaselenium.Lab15_TestNG_CSVfile" name="f" time="14.332"/>
  <testcase classname="com.wipro.javaselenium.Lab15_TestNG_CSVfile" name="f" time="23.127"/>
  <testcase classname="com.wipro.javaselenium.Lab15_TestNG_CSVfile" name="f" time="18.176"/>
  <testcase classname="com.wipro.javaselenium.Lab15_TestNG_CSVfile" name="f" time="14.951"/>
  <testcase classname="com.wipro.javaselenium.Lab15_TestNG_CSVfile" name="f" time="16.215"/>
  <testcase classname="com.wipro.javaselenium.Lab15_TestNG_CSVfile" name="f" time="13.991"/>
</testsuite> <!-- com.wipro.javaselenium.Lab15_TestNG_CSVfile -->
