<?xml version="1.0" encoding="UTF-8"?>
<!-- Generated by org.testng.reporters.JUnitReportReporter -->
<testsuite hostname="Vivek" failures="0" tests="3" name="com.orangehrm.test.LoginOrangeHRM" time="49.050" errors="0" timestamp="2025-08-30T09:50:58 IST" skipped="0">
  <testcase classname="com.orangehrm.test.LoginOrangeHRM" name="verifylogin" time="12.388"/>
  <testcase classname="com.orangehrm.test.LoginOrangeHRM" name="verifylogin" time="20.046"/>
  <testcase classname="com.orangehrm.test.LoginOrangeHRM" name="verifylogin" time="16.616"/>
</testsuite> <!-- com.orangehrm.test.LoginOrangeHRM -->
