<?xml version="1.0" encoding="UTF-8"?>
<!-- Generated by org.testng.reporters.JUnitReportReporter -->
<testsuite hostname="Vivek" failures="0" tests="3" name="com.wipro.javaselenium.TC012_ExcelReport" time="47.590" errors="0" timestamp="2025-08-20T16:31:04 IST" skipped="0">
  <testcase classname="com.wipro.javaselenium.TC012_ExcelReport" name="f" time="18.966"/>
  <testcase classname="com.wipro.javaselenium.TC012_ExcelReport" name="f" time="14.337"/>
  <testcase classname="com.wipro.javaselenium.TC012_ExcelReport" name="f" time="14.287"/>
</testsuite> <!-- com.wipro.javaselenium.TC012_ExcelReport -->
