<?xml version="1.0" encoding="UTF-8"?>
<!-- Generated by org.testng.reporters.JUnitReportReporter -->
<testsuite hostname="Vivek" failures="0" tests="2" name="com.wipro.javaselenium.TC0012_TestNG" time="21.442" errors="0" timestamp="2025-08-20T11:56:42 IST" skipped="0">
  <testcase classname="com.wipro.javaselenium.TC0012_TestNG" name="f" time="12.309"/>
  <testcase classname="com.wipro.javaselenium.TC0012_TestNG" name="f" time="9.133"/>
</testsuite> <!-- com.wipro.javaselenium.TC0012_TestNG -->
