<?xml version="1.0" encoding="UTF-8"?>
<!-- Generated by org.testng.reporters.JUnitReportReporter -->
<testsuite hostname="Vivek" failures="0" tests="10" name="com.orangehrm.test.LoginOrangeHRM" time="71.182" errors="0" timestamp="2025-08-28T12:43:20 IST" skipped="0">
  <testcase classname="com.orangehrm.test.LoginOrangeHRM" name="Question3" time="9.691"/>
  <testcase classname="com.orangehrm.test.LoginOrangeHRM" name="Question7" time="6.437"/>
  <testcase classname="com.orangehrm.test.LoginOrangeHRM" name="Question6" time="8.291"/>
  <testcase classname="com.orangehrm.test.LoginOrangeHRM" name="verifylogin" time="6.579"/>
  <testcase classname="com.orangehrm.test.LoginOrangeHRM" name="Question4" time="5.887"/>
  <testcase classname="com.orangehrm.test.LoginOrangeHRM" name="Question8" time="5.795"/>
  <testcase classname="com.orangehrm.test.LoginOrangeHRM" name="Question5" time="8.409"/>
  <testcase classname="com.orangehrm.test.LoginOrangeHRM" name="Question2" time="14.048"/>
  <testcase classname="com.orangehrm.test.LoginOrangeHRM" name="question1_google" time="2.859"/>
  <testcase classname="com.orangehrm.test.LoginOrangeHRM" name="Question9" time="3.186"/>
</testsuite> <!-- com.orangehrm.test.LoginOrangeHRM -->
