<?xml version="1.0" encoding="UTF-8"?>
<!-- Generated by org.testng.reporters.JUnitReportReporter -->
<testsuite hostname="Vivek" failures="0" tests="2" name="com.wipro.javaselenium.Lab11_4_TestNG_Pagefactory" time="9.190" errors="0" timestamp="2025-08-20T13:23:07 IST" skipped="0">
  <testcase classname="com.wipro.javaselenium.Lab11_4_TestNG_Pagefactory" name="f" time="4.144"/>
  <testcase classname="com.wipro.javaselenium.Lab11_4_TestNG_Pagefactory" name="f" time="5.046"/>
</testsuite> <!-- com.wipro.javaselenium.Lab11_4_TestNG_Pagefactory -->
