<?xml version="1.0" encoding="UTF-8"?>
<!-- Generated by org.testng.reporters.JUnitReportReporter -->
<testsuite hostname="Vivek" failures="0" tests="2" name="com.wipro.javaselenium.TC016_TestNG_dataxml" time="16.886" errors="0" timestamp="2025-08-22T15:08:10 IST" skipped="0">
  <testcase classname="com.wipro.javaselenium.TC016_TestNG_dataxml" name="f" time="9.103"/>
  <testcase classname="com.wipro.javaselenium.TC016_TestNG_dataxml" name="f" time="7.783"/>
</testsuite> <!-- com.wipro.javaselenium.TC016_TestNG_dataxml -->
