<?xml version="1.0" encoding="UTF-8"?>
<!-- Generated by org.testng.reporters.JUnitReportReporter -->
<testsuite hostname="Vivek" failures="0" tests="2" name="com.wipro.javaselenium.Lab11_3_TestNG_pagefactory" time="10.501" errors="0" timestamp="2025-08-20T13:20:37 IST" skipped="0">
  <testcase classname="com.wipro.javaselenium.Lab11_3_TestNG_pagefactory" name="f" time="5.327"/>
  <testcase classname="com.wipro.javaselenium.Lab11_3_TestNG_pagefactory" name="f" time="5.174"/>
</testsuite> <!-- com.wipro.javaselenium.Lab11_3_TestNG_pagefactory -->
