<?xml version="1.0" encoding="UTF-8"?>
<!-- Generated by org.testng.reporters.JUnitReportReporter -->
<testsuite hostname="Vivek" failures="0" tests="4" name="com.wipro.javaselenium.Lab9_3" time="39.269" errors="0" timestamp="2025-08-19T15:24:59 IST" skipped="0">
  <testcase classname="com.wipro.javaselenium.Lab9_3" name="f" time="7.142"/>
  <testcase classname="com.wipro.javaselenium.Lab9_3" name="f" time="11.671"/>
  <testcase classname="com.wipro.javaselenium.Lab9_3" name="f" time="8.670"/>
  <testcase classname="com.wipro.javaselenium.Lab9_3" name="f" time="11.786"/>
</testsuite> <!-- com.wipro.javaselenium.Lab9_3 -->
