<?xml version="1.0" encoding="UTF-8"?>
<!-- Generated by org.testng.reporters.JUnitReportReporter -->
<testsuite hostname="Vivek" failures="0" tests="4" name="com.wipro.javaselenium.Lab9_4" time="39.356" errors="0" timestamp="2025-08-19T15:24:59 IST" skipped="0">
  <testcase classname="com.wipro.javaselenium.Lab9_4" name="f" time="9.232"/>
  <testcase classname="com.wipro.javaselenium.Lab9_4" name="f" time="10.350"/>
  <testcase classname="com.wipro.javaselenium.Lab9_4" name="f" time="8.910"/>
  <testcase classname="com.wipro.javaselenium.Lab9_4" name="f" time="10.864"/>
</testsuite> <!-- com.wipro.javaselenium.Lab9_4 -->
